build/intermediates/manifest_merge_blame_file/debug/manifest-merger-blame-debug-report.txt
1<?xml version="1.0" encoding="utf-8"?>
2<manifest xmlns:android="http://schemas.android.com/apk/res/android"
3    package="com.kiand.LED2match"
4    android:versionCode="102"
5    android:versionName="1.01" >
6
7    <uses-sdk
8        android:minSdkVersion="19"
8-->src\main\AndroidManifest.xml
9        android:targetSdkVersion="27" />
9-->src\main\AndroidManifest.xml
10
11    <uses-feature
11-->src\main\AndroidManifest.xml:8:5-10:35
12        android:name="android.hardware.usb.host"
12-->src\main\AndroidManifest.xml:9:9-49
13        android:required="true" />
13-->src\main\AndroidManifest.xml:10:9-32
14
15    <uses-permission android:name="android.permission.BLUETOOTH_ADMIN" />
15-->src\main\AndroidManifest.xml:12:5-74
15-->src\main\AndroidManifest.xml:12:22-71
16    <uses-permission android:name="android.permission.BLUETOOTH" />
16-->src\main\AndroidManifest.xml:13:5-68
16-->src\main\AndroidManifest.xml:13:22-65
17    <uses-permission android:name="android.permission.ACCESS_COARSE_LOCATION" />
17-->src\main\AndroidManifest.xml:14:5-80
17-->src\main\AndroidManifest.xml:14:22-78
18    <uses-permission
18-->src\main\AndroidManifest.xml:15:5-17:38
19        android:name="android.permission.WRITE_EXTERNAL_STORAGE"
19-->src\main\AndroidManifest.xml:16:9-65
20        android:maxSdkVersion="18" />
20-->src\main\AndroidManifest.xml:17:9-35
21    <uses-permission android:name="android.permission.READ_PHONE_STATE" />
21-->src\main\AndroidManifest.xml:18:5-75
21-->src\main\AndroidManifest.xml:18:22-72
22    <uses-permission
22-->src\main\AndroidManifest.xml:19:5-21:38
23        android:name="android.permission.READ_EXTERNAL_STORAGE"
23-->src\main\AndroidManifest.xml:20:9-64
24        android:maxSdkVersion="18" />
24-->src\main\AndroidManifest.xml:21:9-35
25
26    <application
26-->src\main\AndroidManifest.xml:23:5-106:19
27        android:name="com.kiand.LED2match.MyApplication"
27-->src\main\AndroidManifest.xml:24:9-38
28        android:debuggable="true"
29        android:icon="@drawable/ic_launcher"
29-->src\main\AndroidManifest.xml:25:9-45
30        android:label="Light2match"
30-->src\main\AndroidManifest.xml:26:9-36
31        android:largeHeap="true"
31-->src\main\AndroidManifest.xml:27:9-33
32        android:testOnly="true" >
33        <activity android:name="com.kiand.LED2match.ReassignLamps" />
33-->src\main\AndroidManifest.xml:29:9-60
33-->src\main\AndroidManifest.xml:29:19-48
34        <activity
34-->src\main\AndroidManifest.xml:30:9-34:64
35            android:name="com.kiand.LED2match.LightAdjustments"
35-->src\main\AndroidManifest.xml:31:13-45
36            android:label="Set Lights"
36-->src\main\AndroidManifest.xml:32:13-39
37            android:screenOrientation="portrait"
37-->src\main\AndroidManifest.xml:33:13-49
38            android:windowSoftInputMode="adjustPan" />
38-->src\main\AndroidManifest.xml:34:13-52
39        <activity
39-->src\main\AndroidManifest.xml:35:9-38:52
40            android:name="com.kiand.LED2match.BtScannerActivity"
40-->src\main\AndroidManifest.xml:36:13-46
41            android:label="RGB LED Bluetooth scanner"
41-->src\main\AndroidManifest.xml:37:13-54
42            android:screenOrientation="portrait" />
42-->src\main\AndroidManifest.xml:38:13-49
43        <activity
43-->src\main\AndroidManifest.xml:40:9-43:52
44            android:name="com.kiand.LED2match.ServicePageActivity"
44-->src\main\AndroidManifest.xml:41:13-48
45            android:label="LED2match"
45-->src\main\AndroidManifest.xml:42:13-38
46            android:screenOrientation="portrait" />
46-->src\main\AndroidManifest.xml:43:13-49
47        <activity
47-->src\main\AndroidManifest.xml:44:9-47:52
48            android:name="com.kiand.LED2match.SequenceProgramming"
48-->src\main\AndroidManifest.xml:45:13-48
49            android:label="Lights Sequence page"
49-->src\main\AndroidManifest.xml:46:13-49
50            android:screenOrientation="portrait" />
50-->src\main\AndroidManifest.xml:47:13-49
51        <activity
51-->src\main\AndroidManifest.xml:48:9-51:53
52            android:name="com.kiand.LED2match.DigitalPanelActivity"
52-->src\main\AndroidManifest.xml:49:13-49
53            android:label="digital panel"
53-->src\main\AndroidManifest.xml:50:13-42
54            android:screenOrientation="landscape" />
54-->src\main\AndroidManifest.xml:51:13-50
55        <activity
55-->src\main\AndroidManifest.xml:52:9-68:20
56            android:name="com.kiand.LED2match.TRSDigitalPanel"
56-->src\main\AndroidManifest.xml:53:13-44
57            android:label="Light2match"
57-->src\main\AndroidManifest.xml:54:13-40
58            android:screenOrientation="portrait" >
58-->src\main\AndroidManifest.xml:55:13-49
59            <intent-filter>
59-->src\main\AndroidManifest.xml:56:13-60:29
60                <action android:name="android.intent.action.MAIN" />
60-->src\main\AndroidManifest.xml:57:17-69
60-->src\main\AndroidManifest.xml:57:25-66
61
62                <category android:name="android.intent.category.LAUNCHER" />
62-->src\main\AndroidManifest.xml:59:17-77
62-->src\main\AndroidManifest.xml:59:27-74
63            </intent-filter>
64            <intent-filter>
64-->src\main\AndroidManifest.xml:61:13-63:29
65                <action android:name="android.hardware.usb.action.USB_DEVICE_ATTACHED" />
65-->src\main\AndroidManifest.xml:62:17-90
65-->src\main\AndroidManifest.xml:62:25-87
66            </intent-filter>
67
68            <meta-data
68-->src\main\AndroidManifest.xml:65:13-67:61
69                android:name="android.hardware.usb.action.USB_DEVICE_ATTACHED"
69-->src\main\AndroidManifest.xml:66:17-79
70                android:resource="@xml/usb_device_filter" />
70-->src\main\AndroidManifest.xml:67:17-58
71        </activity>
72        <activity
72-->src\main\AndroidManifest.xml:69:9-72:52
73            android:name="com.kiand.LED2match.TRSLightOperatingHours"
73-->src\main\AndroidManifest.xml:70:13-51
74            android:label="Operating hours"
74-->src\main\AndroidManifest.xml:71:13-44
75            android:screenOrientation="portrait" />
75-->src\main\AndroidManifest.xml:72:13-49
76        <activity
76-->src\main\AndroidManifest.xml:73:9-76:52
77            android:name="com.kiand.LED2match.TRSSequence"
77-->src\main\AndroidManifest.xml:74:13-40
78            android:label="Sequence Programming (PRG)"
78-->src\main\AndroidManifest.xml:75:13-55
79            android:screenOrientation="portrait" />
79-->src\main\AndroidManifest.xml:76:13-49
80        <activity
80-->src\main\AndroidManifest.xml:77:9-80:52
81            android:name="com.kiand.LED2match.TRSBlowerPage"
81-->src\main\AndroidManifest.xml:78:13-42
82            android:label="Settings"
82-->src\main\AndroidManifest.xml:79:13-37
83            android:screenOrientation="portrait" />
83-->src\main\AndroidManifest.xml:80:13-49
84        <activity
84-->src\main\AndroidManifest.xml:81:9-84:52
85            android:name="com.kiand.LED2match.TRSManualPage"
85-->src\main\AndroidManifest.xml:82:13-42
86            android:label="Manual"
86-->src\main\AndroidManifest.xml:83:13-35
87            android:screenOrientation="portrait" />
87-->src\main\AndroidManifest.xml:84:13-49
88        <activity
88-->src\main\AndroidManifest.xml:85:9-88:52
89            android:name="com.kiand.LED2match.TRSRecertificationPage"
89-->src\main\AndroidManifest.xml:86:13-51
90            android:label="Recertification Page"
90-->src\main\AndroidManifest.xml:87:13-49
91            android:screenOrientation="portrait" />
91-->src\main\AndroidManifest.xml:88:13-49
92        <activity
92-->src\main\AndroidManifest.xml:89:9-92:52
93            android:name="com.kiand.LED2match.TRSBluetoothDevicesScan"
93-->src\main\AndroidManifest.xml:90:13-52
94            android:label="Paired bluetooth devices"
94-->src\main\AndroidManifest.xml:91:13-53
95            android:screenOrientation="portrait" />
95-->src\main\AndroidManifest.xml:92:13-49
96        <activity
96-->src\main\AndroidManifest.xml:93:9-96:52
97            android:name="com.kiand.LED2match.sequenceSummaryPage"
97-->src\main\AndroidManifest.xml:94:13-48
98            android:label="HTS-RGBW"
98-->src\main\AndroidManifest.xml:95:13-37
99            android:screenOrientation="portrait" />
99-->src\main\AndroidManifest.xml:96:13-49
100
101        <service
101-->src\main\AndroidManifest.xml:98:9-101:44
102            android:name="com.kiand.LED2match.UsbCOMMsService"
102-->src\main\AndroidManifest.xml:99:13-44
103            android:enabled="true"
103-->src\main\AndroidManifest.xml:100:13-35
104            android:stopWithTask="false" />
104-->src\main\AndroidManifest.xml:101:13-41
105        <service
105-->src\main\AndroidManifest.xml:102:9-105:44
106            android:name="com.kiand.LED2match.BtCOMMsService"
106-->src\main\AndroidManifest.xml:103:13-43
107            android:enabled="true"
107-->src\main\AndroidManifest.xml:104:13-35
108            android:stopWithTask="false" />
108-->src\main\AndroidManifest.xml:105:13-41
109    </application>
110
111</manifest>